iMPACT Version: 14.7

iMPACT log file Started on Tue Feb 10 10:35:21 2026

Welcome to iMPACT
iMPACT Version: 14.7
Project: 'C:\Xilinx\14.7\ISE_DS\\auto_project.ipf' already exists.
Original project has been renamed to'C:\Xilinx\14.7\ISE_DS\\auto_project_1.ipf'.
Project: C:\Xilinx\14.7\ISE_DS\\auto_project.ipf created.
// *** BATCH CMD : setMode -bs
GUI --- Auto connect to cable...
// *** BATCH CMD : setCable -port auto
INFO:iMPACT - Digilent Plugin: Plugin Version: 2.4.4
INFO:iMPACT - Digilent Plugin: found 1 device(s).
INFO:iMPACT - Digilent Plugin: opening device: "Zed", SN:210248A275DF
INFO:iMPACT - Digilent Plugin: User Name: Zed
INFO:iMPACT - Digilent Plugin: Product Name: Digilent Zed
INFO:iMPACT - Digilent Plugin: Serial Number: 210248A275DF
INFO:iMPACT - Digilent Plugin: Product ID: 00E00153
INFO:iMPACT - Digilent Plugin: Firmware Version: 010A
INFO:iMPACT - Digilent Plugin: JTAG Port Number: 0
INFO:iMPACT - Digilent Plugin: JTAG Clock Frequency: 10000000 Hz
Attempting to identify devices in the boundary-scan chain configuration...
INFO:iMPACT - Current time: 10/02/2026 10:35:25
// *** BATCH CMD : Identify -inferir 
PROGRESS_START - Starting Operation.
Identifying chain contents...'0': : Manufacturer's ID = Xilinx xc7z020, Version : 2
INFO:iMPACT:1777 - 
   Reading C:/Xilinx/14.7/ISE_DS/ISE/zynq/data/xc7z020.bsd...
INFO:iMPACT - Using CseAdapterBSDevice
INFO:iMPACT:501 - '1': Added Device xc7z020 successfully.
----------------------------------------------------------------------
'1': : Manufacturer's ID = Xilinx zynq7000_arm_dap, Version : 4
INFO:iMPACT:501 - '1': Added Device UNKNOWN successfully.
----------------------------------------------------------------------
INFO:iMPACT:1777 - 
   Reading C:/Xilinx/14.7/ISE_DS/ISE/zynq/data/zynq7000_arm_dap.bsd...
----------------------------------------------------------------------
done.
PROGRESS_END - End Operation.
Elapsed time =      0 sec.
// *** BATCH CMD : identifyMPM 
// *** BATCH CMD : assignFile -p 2 -file "C:/Xilinx/Projects/Lab_0/lab_0.bit"
'2': Loading file 'C:/Xilinx/Projects/Lab_0/lab_0.bit' ...
done.
INFO:iMPACT - Using CseAdapterBSDevice
INFO:iMPACT:2257 - Startup Clock has been changed to 'JtagClk' in the bitstream   stored in memory,
   but the original bitstream file remains unchanged.
UserID read from the bitstream file = 0xFFFFFFFF.
----------------------------------------------------------------------
INFO:iMPACT:501 - '2': Added Device xc7z020 successfully.
----------------------------------------------------------------------
INFO:iMPACT - Current time: 10/02/2026 10:35:52
// *** BATCH CMD : Program -p 2 
PROGRESS_START - Starting Operation.
Maximum TCK operating frequency for this device chain: 20000000.
Validating chain...
Boundary-scan chain validated successfully.
2: Device Temperature: Current Reading:   36.59 C, Min. Reading:   33.15 C, Max.Reading:   37.09 C
2: VCCINT Supply: Current Reading:   0.999 V, Min. Reading:   0.996 V, Max.Reading:   1.002 V
2: VCCAUX Supply: Current Reading:   1.802 V, Min. Reading:   1.799 V, Max.Reading:   1.805 V
INFO:iMPACT - Creating XC7Z020 device.
PROGRESS_START - Starting Operation.
'2': Programming device...
 Match_cycle = NoWait.
Match cycle: NoWait
 LCK_cycle = NoWait.
LCK cycle: NoWait
done.
INFO:Cse - Status register values:
INFO:Cse - 0011 1111 1111 1110 0000 1000 0110 0010 
INFO:Cse - '2': Completed downloading bit file to device.
INFO:Cse - '2': Programming completed successfully.
PROGRESS_END - End Operation.
Elapsed time =      4 sec.
 Match_cycle = NoWait.
Match cycle: NoWait
 LCK_cycle = NoWait.
LCK cycle: NoWait
INFO:iMPACT - '2': Checking done pin....done.
'2': Programmed successfully.
// *** BATCH CMD : setMode -bs
// *** BATCH CMD : setMode -ss
// *** BATCH CMD : setMode -sm
// *** BATCH CMD : setMode -hw140
// *** BATCH CMD : setMode -spi
// *** BATCH CMD : setMode -acecf
// *** BATCH CMD : setMode -acempm
// *** BATCH CMD : setMode -pff
// *** BATCH CMD : setMode -bs
// *** BATCH CMD : saveProjectFile -file"C:\Xilinx\14.7\ISE_DS\\auto_project.ipf"
// *** BATCH CMD : setMode -bs
// *** BATCH CMD : setMode -ss
// *** BATCH CMD : setMode -sm
// *** BATCH CMD : setMode -hw140
// *** BATCH CMD : setMode -spi
// *** BATCH CMD : setMode -acecf
// *** BATCH CMD : setMode -acempm
// *** BATCH CMD : setMode -pff
// *** BATCH CMD : setMode -bs
// *** BATCH CMD : saveProjectFile -file"C:\Xilinx\14.7\ISE_DS\\auto_project.ipf"
INFO:iMPACT - Current time: 10/02/2026 11:47:06
// *** BATCH CMD : Program -p 2 
Maximum TCK operating frequency for this device chain: 20000000.
Validating chain...
Boundary-scan chain validated successfully.
2: Device Temperature: Current Reading:   32.16 C, Min. Reading:   28.72 C, Max.Reading:   32.66 C
2: VCCINT Supply: Current Reading:   0.999 V, Min. Reading:   0.996 V, Max.Reading:   1.002 V
2: VCCAUX Supply: Current Reading:   1.802 V, Min. Reading:   1.799 V, Max.Reading:   1.805 V
PROGRESS_START - Starting Operation.
'2': Programming device...
 Match_cycle = NoWait.
Match cycle: NoWait
 LCK_cycle = NoWait.
LCK cycle: NoWait
done.
INFO:Cse - Status register values:
INFO:Cse - 0011 1111 1111 1110 0000 1000 0110 0010 
INFO:Cse - '2': Completed downloading bit file to device.
INFO:Cse - '2': Programming completed successfully.
PROGRESS_END - End Operation.
Elapsed time =      3 sec.
 Match_cycle = NoWait.
Match cycle: NoWait
 LCK_cycle = NoWait.
LCK cycle: NoWait
INFO:iMPACT - '2': Checking done pin....done.
'2': Programmed successfully.
INFO:iMPACT - Current time: 10/02/2026 11:49:16
// *** BATCH CMD : Program -p 2 
Maximum TCK operating frequency for this device chain: 20000000.
Validating chain...
Boundary-scan chain validated successfully.
2: Device Temperature: Current Reading:   34.13 C, Min. Reading:   31.67 C, Max.Reading:   34.63 C
2: VCCINT Supply: Current Reading:   0.999 V, Min. Reading:   0.996 V, Max.Reading:   1.002 V
2: VCCAUX Supply: Current Reading:   1.799 V, Min. Reading:   1.799 V, Max.Reading:   1.805 V
PROGRESS_START - Starting Operation.
'2': Programming device...
 Match_cycle = NoWait.
Match cycle: NoWait
 LCK_cycle = NoWait.
LCK cycle: NoWait
done.
INFO:Cse - Status register values:
INFO:Cse - 0011 1111 1111 1110 0000 1000 0110 0010 
INFO:Cse - '2': Completed downloading bit file to device.
INFO:Cse - '2': Programming completed successfully.
PROGRESS_END - End Operation.
Elapsed time =      3 sec.
 Match_cycle = NoWait.
Match cycle: NoWait
 LCK_cycle = NoWait.
LCK cycle: NoWait
INFO:iMPACT - '2': Checking done pin....done.
'2': Programmed successfully.
INFO:iMPACT - Current time: 10/02/2026 11:51:30
// *** BATCH CMD : Program -p 2 
Maximum TCK operating frequency for this device chain: 20000000.
Validating chain...
Boundary-scan chain validated successfully.
2: Device Temperature: Current Reading:   35.61 C, Min. Reading:   33.64 C, Max.Reading:   35.61 C
2: VCCINT Supply: Current Reading:   0.999 V, Min. Reading:   0.996 V, Max.Reading:   1.002 V
2: VCCAUX Supply: Current Reading:   1.802 V, Min. Reading:   1.799 V, Max.Reading:   1.805 V
PROGRESS_START - Starting Operation.
'2': Programming device...
 Match_cycle = NoWait.
Match cycle: NoWait
 LCK_cycle = NoWait.
LCK cycle: NoWait
done.
INFO:Cse - Status register values:
INFO:Cse - 0011 1111 1111 1110 0000 1000 0110 0010 
INFO:Cse - '2': Completed downloading bit file to device.
INFO:Cse - '2': Programming completed successfully.
PROGRESS_END - End Operation.
Elapsed time =      3 sec.
 Match_cycle = NoWait.
Match cycle: NoWait
 LCK_cycle = NoWait.
LCK cycle: NoWait
INFO:iMPACT - '2': Checking done pin....done.
'2': Programmed successfully.
INFO:iMPACT - Current time: 10/02/2026 11:53:27
// *** BATCH CMD : Program -p 2 
Maximum TCK operating frequency for this device chain: 20000000.
Validating chain...
Boundary-scan chain validated successfully.
2: Device Temperature: Current Reading:   36.10 C, Min. Reading:   35.12 C, Max.Reading:   36.10 C
2: VCCINT Supply: Current Reading:   0.999 V, Min. Reading:   0.996 V, Max.Reading:   0.999 V
2: VCCAUX Supply: Current Reading:   1.802 V, Min. Reading:   1.799 V, Max.Reading:   1.805 V
PROGRESS_START - Starting Operation.
'2': Programming device...
 Match_cycle = NoWait.
Match cycle: NoWait
 LCK_cycle = NoWait.
LCK cycle: NoWait
done.
INFO:Cse - Status register values:
INFO:Cse - 0011 1111 1111 1110 0000 1000 0110 0010 
INFO:Cse - '2': Completed downloading bit file to device.
INFO:Cse - '2': Programming completed successfully.
PROGRESS_END - End Operation.
Elapsed time =      3 sec.
 Match_cycle = NoWait.
Match cycle: NoWait
 LCK_cycle = NoWait.
LCK cycle: NoWait
INFO:iMPACT - '2': Checking done pin....done.
'2': Programmed successfully.
INFO:iMPACT - Current time: 10/02/2026 11:55:59
// *** BATCH CMD : Program -p 2 
Maximum TCK operating frequency for this device chain: 20000000.
Validating chain...
Boundary-scan chain validated successfully.
2: Device Temperature: Current Reading:   36.10 C, Min. Reading:   35.61 C, Max.Reading:   36.59 C
2: VCCINT Supply: Current Reading:   0.999 V, Min. Reading:   0.996 V, Max.Reading:   0.999 V
2: VCCAUX Supply: Current Reading:   1.802 V, Min. Reading:   1.799 V, Max.Reading:   1.805 V
PROGRESS_START - Starting Operation.
'2': Programming device...
 Match_cycle = NoWait.
Match cycle: NoWait
 LCK_cycle = NoWait.
LCK cycle: NoWait
done.
INFO:Cse - Status register values:
INFO:Cse - 0011 1111 1111 1110 0000 1000 0110 0010 
INFO:Cse - '2': Completed downloading bit file to device.
INFO:Cse - '2': Programming completed successfully.
PROGRESS_END - End Operation.
Elapsed time =      4 sec.
 Match_cycle = NoWait.
Match cycle: NoWait
 LCK_cycle = NoWait.
LCK cycle: NoWait
INFO:iMPACT - '2': Checking done pin....done.
'2': Programmed successfully.
