Release 14.7 - xst P.20131013 (nt64)
Copyright (c) 1995-2013 Xilinx, Inc.  All rights reserved.
--> Parameter TMPDIR set to xst/projnav.tmp


Total REAL time to Xst completion: 0.00 secs
Total CPU time to Xst completion: 0.05 secs
 
--> Parameter xsthdpdir set to xst


Total REAL time to Xst completion: 0.00 secs
Total CPU time to Xst completion: 0.05 secs
 
--> Reading design: Lab_0.prj

TABLE OF CONTENTS
  1) Synthesis Options Summary
  2) HDL Parsing
  3) HDL Elaboration
  4) HDL Synthesis
       4.1) HDL Synthesis Report
  5) Advanced HDL Synthesis
       5.1) Advanced HDL Synthesis Report
  6) Low Level Synthesis
  7) Partition Report
  8) Design Summary
       8.1) Primitive and Black Box Usage
       8.2) Device utilization summary
       8.3) Partition Resource Summary
       8.4) Timing Report
            8.4.1) Clock Information
            8.4.2) Asynchronous Control Signals Information
            8.4.3) Timing Summary
            8.4.4) Timing Details
            8.4.5) Cross Clock Domains Report


=========================================================================
*                      Synthesis Options Summary                        *
=========================================================================
---- Source Parameters
Input File Name                    : "Lab_0.prj"
Ignore Synthesis Constraint File   : NO

---- Target Parameters
Output File Name                   : "Lab_0"
Output Format                      : NGC
Target Device                      : xc7z020-1-clg484

---- Source Options
Top Module Name                    : Lab_0
Automatic FSM Extraction           : YES
FSM Encoding Algorithm             : Auto
Safe Implementation                : No
FSM Style                          : LUT
RAM Extraction                     : Yes
RAM Style                          : Auto
ROM Extraction                     : Yes
Shift Register Extraction          : YES
ROM Style                          : Auto
Resource Sharing                   : YES
Asynchronous To Synchronous        : NO
Shift Register Minimum Size        : 2
Use DSP Block                      : Auto
Automatic Register Balancing       : No

---- Target Options
LUT Combining                      : Auto
Reduce Control Sets                : Auto
Add IO Buffers                     : YES
Global Maximum Fanout              : 100000
Add Generic Clock Buffer(BUFG)     : 32
Register Duplication               : YES
Optimize Instantiated Primitives   : NO
Use Clock Enable                   : Auto
Use Synchronous Set                : Auto
Use Synchronous Reset              : Auto
Pack IO Registers into IOBs        : Auto
Equivalent register Removal        : YES

---- General Options
Optimization Goal                  : Speed
Optimization Effort                : 1
Power Reduction                    : NO
Keep Hierarchy                     : No
Netlist Hierarchy                  : As_Optimized
RTL Output                         : Yes
Global Optimization                : AllClockNets
Read Cores                         : YES
Write Timing Constraints           : NO
Cross Clock Analysis               : NO
Hierarchy Separator                : /
Bus Delimiter                      : <>
Case Specifier                     : Maintain
Slice Utilization Ratio            : 100
BRAM Utilization Ratio             : 100
DSP48 Utilization Ratio            : 100
Auto BRAM Packing                  : NO
Slice Utilization Ratio Delta      : 5

=========================================================================


=========================================================================
*                          HDL Parsing                                  *
=========================================================================
Parsing VHDL file "C:\Xilinx\Projects\Lab_0\Lab_0.vhd" into library work
Parsing entity <Lab_0>.
Parsing architecture <Behavioral> of entity <lab_0>.

=========================================================================
*                            HDL Elaboration                            *
=========================================================================

Elaborating entity <Lab_0> (architecture <Behavioral>) from library <work>.

=========================================================================
*                           HDL Synthesis                               *
=========================================================================

Synthesizing Unit <Lab_0>.
    Related source file is "C:\Xilinx\Projects\Lab_0\Lab_0.vhd".
WARNING:Xst:647 - Input <entrada> is never used. This port will be preserved and left unconnected if it belongs to a top-level block or it belongs to a sub-block and the hierarchy of this sub-block is preserved.
WARNING:Xst:647 - Input <actualiza> is never used. This port will be preserved and left unconnected if it belongs to a top-level block or it belongs to a sub-block and the hierarchy of this sub-block is preserved.
    Found 33-bit register for signal <count_aux>.
    Found 33-bit adder for signal <count_aux[32]_GND_4_o_add_0_OUT> created at line 1241.
    Summary:
	inferred   1 Adder/Subtractor(s).
	inferred  33 D-type flip-flop(s).
Unit <Lab_0> synthesized.

=========================================================================
HDL Synthesis Report

Macro Statistics
# Adders/Subtractors                                   : 1
 33-bit adder                                          : 1
# Registers                                            : 1
 33-bit register                                       : 1

=========================================================================

=========================================================================
*                       Advanced HDL Synthesis                          *
=========================================================================


Synthesizing (advanced) Unit <Lab_0>.
The following registers are absorbed into counter <count_aux>: 1 register on signal <count_aux>.
Unit <Lab_0> synthesized (advanced).

=========================================================================
Advanced HDL Synthesis Report

Macro Statistics
# Counters                                             : 1
 33-bit up counter                                     : 1

=========================================================================

=========================================================================
*                         Low Level Synthesis                           *
=========================================================================

Optimizing unit <Lab_0> ...

Mapping all equations...
Building and optimizing final netlist ...
Found area constraint ratio of 100 (+ 5) on block Lab_0, actual ratio is 0.

Final Macro Processing ...

=========================================================================
Final Register Report

Macro Statistics
# Registers                                            : 33
 Flip-Flops                                            : 33

=========================================================================

=========================================================================
*                           Partition Report                            *
=========================================================================

Partition Implementation Status
-------------------------------

  No Partitions were found in this design.

-------------------------------

=========================================================================
*                            Design Summary                             *
=========================================================================

Top Level Output File Name         : Lab_0.ngc

Primitive and Black Box Usage:
------------------------------
# BELS                             : 100
#      GND                         : 1
#      INV                         : 1
#      LUT1                        : 32
#      MUXCY                       : 32
#      VCC                         : 1
#      XORCY                       : 33
# FlipFlops/Latches                : 33
#      FDC                         : 33
# Clock Buffers                    : 1
#      BUFGP                       : 1
# IO Buffers                       : 9
#      IBUF                        : 1
#      OBUF                        : 8

Device utilization summary:
---------------------------

Selected Device : 7z020clg484-1 


Slice Logic Utilization: 
 Number of Slice Registers:              33  out of  106400     0%  
 Number of Slice LUTs:                   33  out of  53200     0%  
    Number used as Logic:                33  out of  53200     0%  

Slice Logic Distribution: 
 Number of LUT Flip Flop pairs used:     33
   Number with an unused Flip Flop:       0  out of     33     0%  
   Number with an unused LUT:             0  out of     33     0%  
   Number of fully used LUT-FF pairs:    33  out of     33   100%  
   Number of unique control sets:         1

IO Utilization: 
 Number of IOs:                          27
 Number of bonded IOBs:                  10  out of    200     5%  

Specific Feature Utilization:
 Number of BUFG/BUFGCTRLs:                1  out of     32     3%  

---------------------------
Partition Resource Summary:
---------------------------

  No Partitions were found in this design.

---------------------------


=========================================================================
Timing Report

NOTE: THESE TIMING NUMBERS ARE ONLY A SYNTHESIS ESTIMATE.
      FOR ACCURATE TIMING INFORMATION PLEASE REFER TO THE TRACE REPORT
      GENERATED AFTER PLACE-and-ROUTE.

Clock Information:
------------------
-----------------------------------+------------------------+-------+
Clock Signal                       | Clock buffer(FF name)  | Load  |
-----------------------------------+------------------------+-------+
clk                                | BUFGP                  | 33    |
-----------------------------------+------------------------+-------+

Asynchronous Control Signals Information:
----------------------------------------
No asynchronous control signals found in this design

Timing Summary:
---------------
Speed Grade: -1

   Minimum period: 1.835ns (Maximum Frequency: 544.959MHz)
   Minimum input arrival time before clock: 0.877ns
   Maximum output required time after clock: 0.687ns
   Maximum combinational path delay: No path found

Timing Details:
---------------
All values displayed in nanoseconds (ns)

=========================================================================
Timing constraint: Default period analysis for Clock 'clk'
  Clock period: 1.835ns (frequency: 544.959MHz)
  Total number of paths / destination ports: 561 / 33
-------------------------------------------------------------------------
Delay:               1.835ns (Levels of Logic = 34)
  Source:            count_aux_0 (FF)
  Destination:       count_aux_32 (FF)
  Source Clock:      clk rising
  Destination Clock: clk rising

  Data Path: count_aux_0 to count_aux_32
                                Gate     Net
    Cell:in->out      fanout   Delay   Delay  Logical Name (Net Name)
    ----------------------------------------  ------------
     FDC:C->Q              1   0.282   0.399  count_aux_0 (count_aux_0)
     INV:I->O              1   0.067   0.000  Mcount_count_aux_lut<0>_INV_0 (Mcount_count_aux_lut<0>)
     MUXCY:S->O            1   0.291   0.000  Mcount_count_aux_cy<0> (Mcount_count_aux_cy<0>)
     MUXCY:CI->O           1   0.015   0.000  Mcount_count_aux_cy<1> (Mcount_count_aux_cy<1>)
     MUXCY:CI->O           1   0.015   0.000  Mcount_count_aux_cy<2> (Mcount_count_aux_cy<2>)
     MUXCY:CI->O           1   0.015   0.000  Mcount_count_aux_cy<3> (Mcount_count_aux_cy<3>)
     MUXCY:CI->O           1   0.015   0.000  Mcount_count_aux_cy<4> (Mcount_count_aux_cy<4>)
     MUXCY:CI->O           1   0.015   0.000  Mcount_count_aux_cy<5> (Mcount_count_aux_cy<5>)
     MUXCY:CI->O           1   0.015   0.000  Mcount_count_aux_cy<6> (Mcount_count_aux_cy<6>)
     MUXCY:CI->O           1   0.015   0.000  Mcount_count_aux_cy<7> (Mcount_count_aux_cy<7>)
     MUXCY:CI->O           1   0.015   0.000  Mcount_count_aux_cy<8> (Mcount_count_aux_cy<8>)
     MUXCY:CI->O           1   0.015   0.000  Mcount_count_aux_cy<9> (Mcount_count_aux_cy<9>)
     MUXCY:CI->O           1   0.015   0.000  Mcount_count_aux_cy<10> (Mcount_count_aux_cy<10>)
     MUXCY:CI->O           1   0.015   0.000  Mcount_count_aux_cy<11> (Mcount_count_aux_cy<11>)
     MUXCY:CI->O           1   0.015   0.000  Mcount_count_aux_cy<12> (Mcount_count_aux_cy<12>)
     MUXCY:CI->O           1   0.015   0.000  Mcount_count_aux_cy<13> (Mcount_count_aux_cy<13>)
     MUXCY:CI->O           1   0.015   0.000  Mcount_count_aux_cy<14> (Mcount_count_aux_cy<14>)
     MUXCY:CI->O           1   0.015   0.000  Mcount_count_aux_cy<15> (Mcount_count_aux_cy<15>)
     MUXCY:CI->O           1   0.015   0.000  Mcount_count_aux_cy<16> (Mcount_count_aux_cy<16>)
     MUXCY:CI->O           1   0.015   0.000  Mcount_count_aux_cy<17> (Mcount_count_aux_cy<17>)
     MUXCY:CI->O           1   0.015   0.000  Mcount_count_aux_cy<18> (Mcount_count_aux_cy<18>)
     MUXCY:CI->O           1   0.015   0.000  Mcount_count_aux_cy<19> (Mcount_count_aux_cy<19>)
     MUXCY:CI->O           1   0.015   0.000  Mcount_count_aux_cy<20> (Mcount_count_aux_cy<20>)
     MUXCY:CI->O           1   0.015   0.000  Mcount_count_aux_cy<21> (Mcount_count_aux_cy<21>)
     MUXCY:CI->O           1   0.015   0.000  Mcount_count_aux_cy<22> (Mcount_count_aux_cy<22>)
     MUXCY:CI->O           1   0.015   0.000  Mcount_count_aux_cy<23> (Mcount_count_aux_cy<23>)
     MUXCY:CI->O           1   0.015   0.000  Mcount_count_aux_cy<24> (Mcount_count_aux_cy<24>)
     MUXCY:CI->O           1   0.015   0.000  Mcount_count_aux_cy<25> (Mcount_count_aux_cy<25>)
     MUXCY:CI->O           1   0.015   0.000  Mcount_count_aux_cy<26> (Mcount_count_aux_cy<26>)
     MUXCY:CI->O           1   0.015   0.000  Mcount_count_aux_cy<27> (Mcount_count_aux_cy<27>)
     MUXCY:CI->O           1   0.015   0.000  Mcount_count_aux_cy<28> (Mcount_count_aux_cy<28>)
     MUXCY:CI->O           1   0.015   0.000  Mcount_count_aux_cy<29> (Mcount_count_aux_cy<29>)
     MUXCY:CI->O           1   0.015   0.000  Mcount_count_aux_cy<30> (Mcount_count_aux_cy<30>)
     MUXCY:CI->O           0   0.015   0.000  Mcount_count_aux_cy<31> (Mcount_count_aux_cy<31>)
     XORCY:CI->O           1   0.320   0.000  Mcount_count_aux_xor<32> (Result<32>)
     FDC:D                     0.011          count_aux_32
    ----------------------------------------
    Total                      1.835ns (1.436ns logic, 0.399ns route)
                                       (78.3% logic, 21.7% route)

=========================================================================
Timing constraint: Default OFFSET IN BEFORE for Clock 'clk'
  Total number of paths / destination ports: 33 / 33
-------------------------------------------------------------------------
Offset:              0.877ns (Levels of Logic = 1)
  Source:            reset (PAD)
  Destination:       count_aux_0 (FF)
  Destination Clock: clk rising

  Data Path: reset to count_aux_0
                                Gate     Net
    Cell:in->out      fanout   Delay   Delay  Logical Name (Net Name)
    ----------------------------------------  ------------
     IBUF:I->O            33   0.000   0.552  reset_IBUF (reset_IBUF)
     FDC:CLR                   0.325          count_aux_0
    ----------------------------------------
    Total                      0.877ns (0.325ns logic, 0.552ns route)
                                       (37.1% logic, 62.9% route)

=========================================================================
Timing constraint: Default OFFSET OUT AFTER for Clock 'clk'
  Total number of paths / destination ports: 8 / 8
-------------------------------------------------------------------------
Offset:              0.687ns (Levels of Logic = 1)
  Source:            count_aux_32 (FF)
  Destination:       ciclos<7> (PAD)
  Source Clock:      clk rising

  Data Path: count_aux_32 to ciclos<7>
                                Gate     Net
    Cell:in->out      fanout   Delay   Delay  Logical Name (Net Name)
    ----------------------------------------  ------------
     FDC:C->Q              2   0.282   0.405  count_aux_32 (count_aux_32)
     OBUF:I->O                 0.000          ciclos_7_OBUF (ciclos<7>)
    ----------------------------------------
    Total                      0.687ns (0.282ns logic, 0.405ns route)
                                       (41.0% logic, 59.0% route)

=========================================================================

Cross Clock Domains Report:
--------------------------

Clock to Setup on destination clock clk
---------------+---------+---------+---------+---------+
               | Src:Rise| Src:Fall| Src:Rise| Src:Fall|
Source Clock   |Dest:Rise|Dest:Rise|Dest:Fall|Dest:Fall|
---------------+---------+---------+---------+---------+
clk            |    1.835|         |         |         |
---------------+---------+---------+---------+---------+

=========================================================================


Total REAL time to Xst completion: 4.00 secs
Total CPU time to Xst completion: 4.57 secs
 
--> 

Total memory usage is 4618324 kilobytes

Number of errors   :    0 (   0 filtered)
Number of warnings :    2 (   0 filtered)
Number of infos    :    0 (   0 filtered)

