INFO:sim:172 - Generating IP...
Applying current project options...
Finished applying current project options.
WARNING:sim - A core named 'ROM_memory' already exists in the project. Output
   products for this core may be overwritten.
Resolving generics for 'ROM_memory'...
WARNING:sim - A core named 'ROM_memory' already exists in the project. Output
   products for this core may be overwritten.
Applying external generics to 'ROM_memory'...
Delivering associated files for 'ROM_memory'...
Delivering EJava files for 'ROM_memory'...
Generating implementation netlist for 'ROM_memory'...
INFO:sim - Pre-processing HDL files for 'ROM_memory'...
Running synthesis for 'ROM_memory'
Running ngcbuild...
Writing VHO instantiation template for 'ROM_memory'...
Writing VHDL behavioral simulation model for 'ROM_memory'...
WARNING:sim - Overwriting existing file
   V:/LAB_3C/ipcore_dir/tmp/_cg/ROM_memory/doc/blk_mem_gen_v7_3_vinfo.html with
   file from view xilinx_documentation
Delivered 1 file into directory V:/LAB_3C/ipcore_dir/tmp/_cg/ROM_memory
Generating ASY schematic symbol...
INFO:sim:949 - Finished generation of ASY schematic symbol.
Generating SYM schematic symbol for 'ROM_memory'...
Generating metadata file...
Regenerating ISE project file for 'ROM_memory'...
Generating ISE project...
XCO file found: ROM_memory.xco
XMDF file found: ROM_memory_xmdf.tcl
Adding V:/LAB_3C/ipcore_dir/tmp/_cg/ROM_memory.asy -view all -origin_type
imported
Adding V:/LAB_3C/ipcore_dir/tmp/_cg/ROM_memory.ngc -view all -origin_type
created
Checking file "V:/LAB_3C/ipcore_dir/tmp/_cg/ROM_memory.ngc" for project device
match ...
File "V:/LAB_3C/ipcore_dir/tmp/_cg/ROM_memory.ngc" device information matches
project device.
Adding V:/LAB_3C/ipcore_dir/tmp/_cg/ROM_memory.sym -view all -origin_type
imported
Adding V:/LAB_3C/ipcore_dir/tmp/_cg/ROM_memory.vhd -view all -origin_type
created
INFO:HDLCompiler:1061 - Parsing VHDL file
   "V:/LAB_3C/ipcore_dir/tmp/_cg/ROM_memory.vhd" into library work
INFO:ProjectMgmt - Parsing design hierarchy completed successfully.
Adding V:/LAB_3C/ipcore_dir/tmp/_cg/ROM_memory.vho -view all -origin_type
imported
INFO:TclTasksC:2116 - The automatic calculation of top has been turned-off.
   Please set the new top explicitly by running the "project set top" command.
   To re-calculate the new top automatically, set the "Auto Implementation Top"
   property to true.
Top level has been set to "/ROM_memory"
Generating README file...
Generating FLIST file...
INFO:sim:948 - Finished FLIST file generation.
Launching README viewer...
Moving files to output directory...
Finished moving files to output directory
Wrote CGP file for project 'ROM_memory'.
